<?xml version="1.0" encoding="UTF-8"?>
<!-- Generated by org.testng.reporters.JUnitReportReporter -->
<testsuite hostname="LAPTOP-10PH0ERN" failures="0" tests="5" name="LastTest" time="5.796" errors="0" timestamp="2023-05-24T19:20:05 EET" skipped="4">
  <testcase classname="LastTest" name="search_for_dog1" time="5.796"/>
  <system-out/>
  <testcase classname="LastTest" name="verify_selecting_random_animal">
    <skipped/>
  </testcase> <!-- verify_selecting_random_animal -->
  <system-out/>
  <testcase classname="LastTest" name="check_out">
    <skipped/>
  </testcase> <!-- check_out -->
  <system-out/>
  <testcase classname="LastTest" name="verify_filling_contact_form_and_submit">
    <skipped/>
  </testcase> <!-- verify_filling_contact_form_and_submit -->
  <system-out/>
  <testcase classname="LastTest" name="search_for_cat">
    <skipped/>
  </testcase> <!-- search_for_cat -->
  <system-out/>
</testsuite> <!-- LastTest -->
